[11-Dec-2016 13:21:43 Europe/Berlin] PHP Warning:  fopen(installer/log.txt): failed to open stream: Permission denied in /Applications/XAMPP/xamppfiles/htdocs/orangehrm/installer/ApplicationSetupUtility.php on line 382
[11-Dec-2016 13:21:43 Europe/Berlin] PHP Warning:  fwrite() expects parameter 1 to be resource, boolean given in /Applications/XAMPP/xamppfiles/htdocs/orangehrm/installer/ApplicationSetupUtility.php on line 383
[11-Dec-2016 13:21:43 Europe/Berlin] PHP Warning:  fclose() expects parameter 1 to be resource, boolean given in /Applications/XAMPP/xamppfiles/htdocs/orangehrm/installer/ApplicationSetupUtility.php on line 384
[11-Dec-2016 13:21:43 Europe/Berlin] PHP Warning:  error_log(installer/log.txt): failed to open stream: Permission denied in /Applications/XAMPP/xamppfiles/htdocs/orangehrm/installer/ApplicationSetupUtility.php on line 391
[11-Dec-2016 13:21:44 Europe/Berlin] PHP Warning:  error_log(installer/log.txt): failed to open stream: Permission denied in /Applications/XAMPP/xamppfiles/htdocs/orangehrm/installer/ApplicationSetupUtility.php on line 393
[11-Dec-2016 13:21:44 Europe/Berlin] PHP Warning:  error_log(installer/log.txt): failed to open stream: Permission denied in /Applications/XAMPP/xamppfiles/htdocs/orangehrm/installer/ApplicationSetupUtility.php on line 396
[11-Dec-2016 13:21:46 Europe/Berlin] PHP Warning:  error_log(installer/log.txt): failed to open stream: Permission denied in /Applications/XAMPP/xamppfiles/htdocs/orangehrm/installer/ApplicationSetupUtility.php on line 404
[11-Dec-2016 13:21:46 Europe/Berlin] PHP Warning:  error_log(installer/log.txt): failed to open stream: Permission denied in /Applications/XAMPP/xamppfiles/htdocs/orangehrm/installer/ApplicationSetupUtility.php on line 122
[11-Dec-2016 13:21:46 Europe/Berlin] PHP Warning:  error_log(installer/log.txt): failed to open stream: Permission denied in /Applications/XAMPP/xamppfiles/htdocs/orangehrm/installer/ApplicationSetupUtility.php on line 130
[11-Dec-2016 13:21:46 Europe/Berlin] PHP Warning:  error_log(installer/log.txt): failed to open stream: Permission denied in /Applications/XAMPP/xamppfiles/htdocs/orangehrm/installer/ApplicationSetupUtility.php on line 131
[11-Dec-2016 13:21:46 Europe/Berlin] PHP Warning:  error_log(installer/log.txt): failed to open stream: Permission denied in /Applications/XAMPP/xamppfiles/htdocs/orangehrm/installer/ApplicationSetupUtility.php on line 136
[11-Dec-2016 13:21:46 Europe/Berlin] PHP Warning:  error_log(installer/log.txt): failed to open stream: Permission denied in /Applications/XAMPP/xamppfiles/htdocs/orangehrm/installer/ApplicationSetupUtility.php on line 141
[11-Dec-2016 13:21:46 Europe/Berlin] PHP Warning:  error_log(installer/log.txt): failed to open stream: Permission denied in /Applications/XAMPP/xamppfiles/htdocs/orangehrm/installer/ApplicationSetupUtility.php on line 146
[11-Dec-2016 13:23:28 Europe/Berlin] PHP Warning:  error_log(installer/log.txt): failed to open stream: Permission denied in /Applications/XAMPP/xamppfiles/htdocs/orangehrm/installer/ApplicationSetupUtility.php on line 522
[11-Dec-2016 13:23:28 Europe/Berlin] PHP Warning:  error_log(installer/log.txt): failed to open stream: Permission denied in /Applications/XAMPP/xamppfiles/htdocs/orangehrm/installer/ApplicationSetupUtility.php on line 407
[11-Dec-2016 13:23:28 Europe/Berlin] PHP Warning:  error_log(installer/log.txt): failed to open stream: Permission denied in /Applications/XAMPP/xamppfiles/htdocs/orangehrm/installer/ApplicationSetupUtility.php on line 410
[11-Dec-2016 13:23:31 Europe/Berlin] PHP Warning:  error_log(installer/log.txt): failed to open stream: Permission denied in /Applications/XAMPP/xamppfiles/htdocs/orangehrm/installer/ApplicationSetupUtility.php on line 417
[11-Dec-2016 13:23:31 Europe/Berlin] PHP Warning:  error_log(installer/log.txt): failed to open stream: Permission denied in /Applications/XAMPP/xamppfiles/htdocs/orangehrm/installer/ApplicationSetupUtility.php on line 122
[11-Dec-2016 13:23:31 Europe/Berlin] PHP Warning:  error_log(installer/log.txt): failed to open stream: Permission denied in /Applications/XAMPP/xamppfiles/htdocs/orangehrm/installer/ApplicationSetupUtility.php on line 130
[11-Dec-2016 13:23:31 Europe/Berlin] PHP Warning:  error_log(installer/log.txt): failed to open stream: Permission denied in /Applications/XAMPP/xamppfiles/htdocs/orangehrm/installer/ApplicationSetupUtility.php on line 131
[11-Dec-2016 13:23:31 Europe/Berlin] PHP Warning:  error_log(installer/log.txt): failed to open stream: Permission denied in /Applications/XAMPP/xamppfiles/htdocs/orangehrm/installer/ApplicationSetupUtility.php on line 136
[11-Dec-2016 13:23:31 Europe/Berlin] PHP Warning:  error_log(installer/log.txt): failed to open stream: Permission denied in /Applications/XAMPP/xamppfiles/htdocs/orangehrm/installer/ApplicationSetupUtility.php on line 141
[11-Dec-2016 13:23:31 Europe/Berlin] PHP Warning:  error_log(installer/log.txt): failed to open stream: Permission denied in /Applications/XAMPP/xamppfiles/htdocs/orangehrm/installer/ApplicationSetupUtility.php on line 146
[11-Dec-2016 13:23:36 Europe/Berlin] PHP Warning:  error_log(installer/log.txt): failed to open stream: Permission denied in /Applications/XAMPP/xamppfiles/htdocs/orangehrm/installer/ApplicationSetupUtility.php on line 488
[11-Dec-2016 13:23:36 Europe/Berlin] PHP Warning:  error_log(installer/log.txt): failed to open stream: Permission denied in /Applications/XAMPP/xamppfiles/htdocs/orangehrm/installer/ApplicationSetupUtility.php on line 174
[11-Dec-2016 13:23:36 Europe/Berlin] PHP Warning:  error_log(installer/log.txt): failed to open stream: Permission denied in /Applications/XAMPP/xamppfiles/htdocs/orangehrm/installer/ApplicationSetupUtility.php on line 421
[11-Dec-2016 13:23:37 Europe/Berlin] PHP Warning:  error_log(installer/log.txt): failed to open stream: Permission denied in /Applications/XAMPP/xamppfiles/htdocs/orangehrm/installer/ApplicationSetupUtility.php on line 426
[11-Dec-2016 13:23:39 Europe/Berlin] PHP Warning:  error_log(installer/log.txt): failed to open stream: Permission denied in /Applications/XAMPP/xamppfiles/htdocs/orangehrm/installer/ApplicationSetupUtility.php on line 434
[11-Dec-2016 13:23:39 Europe/Berlin] PHP Warning:  error_log(installer/log.txt): failed to open stream: Permission denied in /Applications/XAMPP/xamppfiles/htdocs/orangehrm/installer/ApplicationSetupUtility.php on line 436
[11-Dec-2016 13:23:39 Europe/Berlin] PHP Warning:  error_log(installer/log.txt): failed to open stream: Permission denied in /Applications/XAMPP/xamppfiles/htdocs/orangehrm/installer/ApplicationSetupUtility.php on line 439
[11-Dec-2016 13:23:42 Europe/Berlin] PHP Warning:  error_log(installer/log.txt): failed to open stream: Permission denied in /Applications/XAMPP/xamppfiles/htdocs/orangehrm/installer/ApplicationSetupUtility.php on line 446
[11-Dec-2016 13:23:42 Europe/Berlin] PHP Warning:  error_log(installer/log.txt): failed to open stream: Permission denied in /Applications/XAMPP/xamppfiles/htdocs/orangehrm/installer/ApplicationSetupUtility.php on line 448
[11-Dec-2016 13:23:42 Europe/Berlin] PHP Warning:  error_log(installer/log.txt): failed to open stream: Permission denied in /Applications/XAMPP/xamppfiles/htdocs/orangehrm/installer/ApplicationSetupUtility.php on line 451
[11-Dec-2016 13:23:45 Europe/Berlin] PHP Warning:  error_log(installer/log.txt): failed to open stream: Permission denied in /Applications/XAMPP/xamppfiles/htdocs/orangehrm/installer/ApplicationSetupUtility.php on line 458
[11-Dec-2016 13:23:45 Europe/Berlin] PHP Warning:  error_log(installer/log.txt): failed to open stream: Permission denied in /Applications/XAMPP/xamppfiles/htdocs/orangehrm/installer/ApplicationSetupUtility.php on line 461
[11-Dec-2016 13:23:45 Europe/Berlin] PHP Warning:  error_log(installer/log.txt): failed to open stream: Permission denied in /Applications/XAMPP/xamppfiles/htdocs/orangehrm/installer/ApplicationSetupUtility.php on line 464
[11-Dec-2016 13:28:36 Europe/Berlin] PHP Notice:  Use of undefined constant php - assumed 'php' in /Applications/XAMPP/xamppfiles/htdocs/orangehrm/installer/registration.php on line 163
